Arguments: 
  /usr/local/Cellar/node/8.4.0/bin/node /usr/local/bin/yarn

PATH: 
  /Users/abcplusd/miniconda3/bin:/Library/Frameworks/Python.framework/Versions/3.6/bin:/usr/local/bin:/usr/bin:/bin:/usr/sbin:/sbin:/Users/abcplusd/Library/Android/sdk/tools:/Users/abcplusd/Library/Android/sdk/platform-tools

Yarn version: 
  1.3.2

Node version: 
  8.4.0

Platform: 
  darwin x64

npm manifest: 
  {
    "name": "yarnangular",
    "private": true,
    "devDependencies": {
      "autoprefixer-core": "^5.2.1",
      "grunt": "^0.4.5",
      "grunt-angular-templates": "^0.5.7",
      "grunt-concurrent": "^1.0.0",
      "grunt-contrib-clean": "^0.6.0",
      "grunt-contrib-compass": "^1.0.0",
      "grunt-contrib-concat": "^0.5.0",
      "grunt-contrib-connect": "^0.9.0",
      "grunt-contrib-copy": "^0.7.0",
      "grunt-contrib-cssmin": "^1.0.2",
      "grunt-contrib-htmlmin": "^0.4.0",
      "grunt-contrib-imagemin": "^1.0.0",
      "grunt-contrib-jshint": "^0.11.0",
      "grunt-contrib-uglify": "^0.7.0",
      "grunt-contrib-watch": "^0.6.1",
      "grunt-filerev": "^2.1.2",
      "grunt-google-cdn": "^0.4.3",
      "grunt-jscs": "^1.8.0",
      "grunt-newer": "^1.1.0",
      "grunt-ng-annotate": "^0.9.2",
      "grunt-postcss": "^0.5.5",
      "grunt-svgmin": "^2.0.0",
      "grunt-usemin": "^3.0.0",
      "grunt-wiredep": "^2.0.0",
      "jit-grunt": "^0.9.1",
      "time-grunt": "^1.0.0",
      "jshint-stylish": "^1.0.0"
    },
    "engines": {
      "node": ">=0.10.0",
      "yarn": ">=1.3.2"
    },
    "dependencies": {
      "angular": "^1.4.0",
      "bootstrap": "^3.2.0",
      "angular-animate": "^1.4.0",
      "angular-aria": "^1.4.0",
      "angular-cookies": "^1.4.0",
      "angular-messages": "^1.4.0",
      "angular-resource": "^1.4.0",
      "angular-route": "^1.4.0",
      "angular-sanitize": "^1.4.0",
      "angular-touch": "^1.4.0"
    },
  }

yarn manifest: 
  No manifest

Lockfile: 
  No lockfile

Trace: 
  SyntaxError: /Users/abcplusd/Documents/workplace/angularjs/yarn-angular/package.json: Unexpected token } in JSON at position 1394
      at JSON.parse (<anonymous>)
      at /usr/local/lib/node_modules/yarn/lib/cli.js:770:59
      at Generator.next (<anonymous>)
      at step (/usr/local/lib/node_modules/yarn/lib/cli.js:92:30)
      at /usr/local/lib/node_modules/yarn/lib/cli.js:103:13
      at <anonymous>
